# JRE version: OpenJDK Runtime Environment Corretto-21.0.3.9.1 (21.0.3+9) (build 21.0.3+9-LTS)
# Java VM: OpenJDK 64-Bit Server VM Corretto-21.0.3.9.1 (21.0.3+9-LTS, mixed mode, emulated-client, sharing, tiered, compressed oops, compressed class ptrs, g1 gc, linux-amd64)
GC Precious Log:
 CardTable entry size: 512
 Card Set container configuration: InlinePtr #cards 5 size 8 Array Of Cards #cards 12 size 40 Howl #buckets 4 coarsen threshold 1843 Howl Bitmap #cards 512 size 80 coarsen threshold 460 Card regions per heap region 1 cards per card region 2048
 CPUs: 8 total, 8 available
 Memory: 7785M
 Large Page Support: Disabled
 NUMA Support: Disabled
 Compressed Oops: Enabled (32-bit)
 Heap Region Size: 1M
 Heap Min Capacity: 8M
 Heap Initial Capacity: 122M
 Heap Max Capacity: 1948M
 Pre-touch: Disabled
 Parallel Workers: 8
 Concurrent Workers: 2
 Concurrent Refinement Workers: 8
 Periodic GC: Disabled
Heap:
 garbage-first heap   total 66560K, used 46627K [0x0000000086400000, 0x0000000100000000)
  region size 1024K, 22 young (22528K), 3 survivors (3072K)
 Metaspace       used 60189K, committed 60800K, reserved 1114112K
  class space    used 8434K, committed 8704K, reserved 1048576K
GC Heap History (20 events):
Event: 0,842 GC heap after
{Heap after GC invocations=1 (full 0):
 garbage-first heap   total 126976K, used 8478K [0x0000000086400000, 0x0000000100000000)
  region size 1024K, 3 young (3072K), 3 survivors (3072K)
 Metaspace       used 7869K, committed 8064K, reserved 1114112K
  class space    used 984K, committed 1088K, reserved 1048576K
}
Event: 1,199 GC heap before
{Heap before GC invocations=1 (full 0):
 garbage-first heap   total 126976K, used 38174K [0x0000000086400000, 0x0000000100000000)
  region size 1024K, 33 young (33792K), 3 survivors (3072K)
 Metaspace       used 14792K, committed 15104K, reserved 1114112K
  class space    used 1937K, committed 2112K, reserved 1048576K
}
Event: 1,203 GC heap after
{Heap after GC invocations=2 (full 0):
 garbage-first heap   total 126976K, used 11293K [0x0000000086400000, 0x0000000100000000)
  region size 1024K, 3 young (3072K), 3 survivors (3072K)
 Metaspace       used 14792K, committed 15104K, reserved 1114112K
  class space    used 1937K, committed 2112K, reserved 1048576K
}
Event: 1,605 GC heap before
{Heap before GC invocations=2 (full 0):
 garbage-first heap   total 126976K, used 38941K [0x0000000086400000, 0x0000000100000000)
  region size 1024K, 32 young (32768K), 3 survivors (3072K)
 Metaspace       used 21056K, committed 21504K, reserved 1114112K
  class space    used 2820K, committed 3072K, reserved 1048576K
}
Event: 1,608 GC heap after
{Heap after GC invocations=3 (full 0):
 garbage-first heap   total 126976K, used 13764K [0x0000000086400000, 0x0000000100000000)
  region size 1024K, 5 young (5120K), 5 survivors (5120K)
 Metaspace       used 21056K, committed 21504K, reserved 1114112K
  class space    used 2820K, committed 3072K, reserved 1048576K
}
Event: 1,912 GC heap before
{Heap before GC invocations=4 (full 0):
 garbage-first heap   total 55296K, used 40388K [0x0000000086400000, 0x0000000100000000)
  region size 1024K, 32 young (32768K), 5 survivors (5120K)
 Metaspace       used 23162K, committed 23680K, reserved 1114112K
  class space    used 3108K, committed 3328K, reserved 1048576K
}
Event: 1,916 GC heap after
{Heap after GC invocations=5 (full 0):
 garbage-first heap   total 55296K, used 16336K [0x0000000086400000, 0x0000000100000000)
  region size 1024K, 3 young (3072K), 3 survivors (3072K)
 Metaspace       used 23162K, committed 23680K, reserved 1114112K
  class space    used 3108K, committed 3328K, reserved 1048576K
}
Event: 2,172 GC heap before
{Heap before GC invocations=5 (full 0):
 garbage-first heap   total 55296K, used 40912K [0x0000000086400000, 0x0000000100000000)
  region size 1024K, 27 young (27648K), 3 survivors (3072K)
 Metaspace       used 26498K, committed 26944K, reserved 1114112K
  class space    used 3563K, committed 3776K, reserved 1048576K
}
Event: 2,174 GC heap after
{Heap after GC invocations=6 (full 0):
 garbage-first heap   total 55296K, used 17939K [0x0000000086400000, 0x0000000100000000)
  region size 1024K, 2 young (2048K), 2 survivors (2048K)
 Metaspace       used 26498K, committed 26944K, reserved 1114112K
  class space    used 3563K, committed 3776K, reserved 1048576K
}
Event: 2,451 GC heap before
{Heap before GC invocations=6 (full 0):
 garbage-first heap   total 55296K, used 43539K [0x0000000086400000, 0x0000000100000000)
  region size 1024K, 27 young (27648K), 2 survivors (2048K)
 Metaspace       used 30208K, committed 30784K, reserved 1114112K
  class space    used 4151K, committed 4416K, reserved 1048576K
}
Event: 2,454 GC heap after
{Heap after GC invocations=7 (full 0):
 garbage-first heap   total 55296K, used 20401K [0x0000000086400000, 0x0000000100000000)
  region size 1024K, 4 young (4096K), 4 survivors (4096K)
 Metaspace       used 30208K, committed 30784K, reserved 1114112K
  class space    used 4151K, committed 4416K, reserved 1048576K
}
Event: 2,661 GC heap before
{Heap before GC invocations=7 (full 0):
 garbage-first heap   total 55296K, used 43953K [0x0000000086400000, 0x0000000100000000)
  region size 1024K, 28 young (28672K), 4 survivors (4096K)
 Metaspace       used 33431K, committed 34048K, reserved 1114112K
  class space    used 4578K, committed 4864K, reserved 1048576K
}
Event: 2,665 GC heap after
{Heap after GC invocations=8 (full 0):
 garbage-first heap   total 66560K, used 22537K [0x0000000086400000, 0x0000000100000000)
  region size 1024K, 2 young (2048K), 2 survivors (2048K)
 Metaspace       used 33431K, committed 34048K, reserved 1114112K
  class space    used 4578K, committed 4864K, reserved 1048576K
}
Event: 2,757 GC heap before
{Heap before GC invocations=8 (full 0):
 garbage-first heap   total 66560K, used 28681K [0x0000000086400000, 0x0000000100000000)
  region size 1024K, 10 young (10240K), 2 survivors (2048K)
 Metaspace       used 35511K, committed 36096K, reserved 1114112K
  class space    used 4792K, committed 5056K, reserved 1048576K
}
Event: 2,760 GC heap after
{Heap after GC invocations=9 (full 0):
 garbage-first heap   total 66560K, used 22887K [0x0000000086400000, 0x0000000100000000)
  region size 1024K, 3 young (3072K), 3 survivors (3072K)
 Metaspace       used 35511K, committed 36096K, reserved 1114112K
  class space    used 4792K, committed 5056K, reserved 1048576K
}
Event: 3,400 GC heap before
{Heap before GC invocations=10 (full 0):
 garbage-first heap   total 66560K, used 55655K [0x0000000086400000, 0x0000000100000000)
  region size 1024K, 35 young (35840K), 3 survivors (3072K)
 Metaspace       used 46993K, committed 47744K, reserved 1114112K
  class space    used 6386K, committed 6720K, reserved 1048576K
}
Event: 3,403 GC heap after
{Heap after GC invocations=11 (full 0):
 garbage-first heap   total 66560K, used 25657K [0x0000000086400000, 0x0000000100000000)
  region size 1024K, 5 young (5120K), 5 survivors (5120K)
 Metaspace       used 46993K, committed 47744K, reserved 1114112K
  class space    used 6386K, committed 6720K, reserved 1048576K
}
Event: 3,780 GC heap before
{Heap before GC invocations=11 (full 0):
 garbage-first heap   total 66560K, used 55353K [0x0000000086400000, 0x0000000100000000)
  region size 1024K, 34 young (34816K), 5 survivors (5120K)
 Metaspace       used 54320K, committed 55040K, reserved 1114112K
  class space    used 7434K, committed 7744K, reserved 1048576K
}
Event: 3,784 GC heap after
{Heap after GC invocations=12 (full 0):
 garbage-first heap   total 66560K, used 27171K [0x0000000086400000, 0x0000000100000000)
  region size 1024K, 2 young (2048K), 2 survivors (2048K)
 Metaspace       used 54320K, committed 55040K, reserved 1114112K
  class space    used 7434K, committed 7744K, reserved 1048576K
}
Event: 4,048 GC heap before
{Heap before GC invocations=12 (full 0):
 garbage-first heap   total 66560K, used 44579K [0x0000000086400000, 0x0000000100000000)
  region size 1024K, 21 young (21504K), 2 survivors (2048K)
 Metaspace       used 60189K, committed 60800K, reserved 1114112K
  class space    used 8434K, committed 8704K, reserved 1048576K
}

